<?xml version="1.0" encoding="UTF-8"?>
<coverage generated="1634357736847" clover="3.2.0">
  <project timestamp="1634357736848" name="All files">
    <metrics statements="10" coveredstatements="10" conditionals="4" coveredconditionals="4" methods="7" coveredmethods="7" elements="21" coveredelements="21" complexity="0" loc="10" ncloc="10" packages="1" files="2" classes="2">
      <file name="App.js" path="C:\Users\JayKim\Desktop\Coding Study\Study\JEST\src\App.js">
        <metrics statements="6" coveredstatements="6" conditionals="4" coveredconditionals="4" methods="4" coveredmethods="4"/>
        <line num="1" count="1" type="stmt"/>
        <line num="3" count="1" type="stmt"/>
        <line num="4" count="6" type="cond" truecount="4" falsecount="0"/>
        <line num="5" count="3" type="stmt"/>
        <line num="9" count="1" type="stmt"/>
        <line num="10" count="20" type="stmt"/>
      </file>
      <file name="functions.js" path="C:\Users\JayKim\Desktop\Coding Study\Study\JEST\src\functions.js">
        <metrics statements="4" coveredstatements="4" conditionals="0" coveredconditionals="0" methods="3" coveredmethods="3"/>
        <line num="1" count="1" type="stmt"/>
        <line num="2" count="1" type="stmt"/>
        <line num="3" count="1" type="stmt"/>
        <line num="4" count="1" type="stmt"/>
      </file>
    </metrics>
  </project>
</coverage>
